2018-03-17 07:14:19 WARNING (Thread-9) [homeassistant.components.emulated_hue] When targeting Google Home, listening port has to be port 80
2018-03-17 09:46:46 ERROR (MainThread) [homeassistant.core] Timer got out of sync. Resetting
2018-03-17 09:47:51 ERROR (MainThread) [frontend.js.latest.201802270] http://192.168.1.30:8123/frontend_latest/core-363542209d478158788109f8cf3068e8.js:1:6882 Uncaught TypeError: Cannot read property 'attributes' of undefined
2018-03-17 09:47:51 ERROR (MainThread) [frontend.js.latest.201802270] http://192.168.1.30:8123/frontend_latest/core-363542209d478158788109f8cf3068e8.js:1:6882 Uncaught TypeError: Cannot read property 'attributes' of undefined
2018-03-17 09:47:51 ERROR (MainThread) [frontend.js.latest.201802270] http://192.168.1.30:8123/frontend_latest/core-363542209d478158788109f8cf3068e8.js:1:6882 Uncaught TypeError: Cannot read property 'attributes' of undefined
2018-03-17 09:47:51 ERROR (MainThread) [frontend.js.latest.201802270] http://192.168.1.30:8123/frontend_latest/core-363542209d478158788109f8cf3068e8.js:1:6882 Uncaught TypeError: Cannot read property 'attributes' of undefined
2018-03-17 09:47:51 ERROR (MainThread) [frontend.js.latest.201802270] http://192.168.1.30:8123/frontend_latest/core-363542209d478158788109f8cf3068e8.js:1:6882 Uncaught TypeError: Cannot read property 'attributes' of undefined
2018-03-17 09:47:51 ERROR (MainThread) [frontend.js.latest.201802270] http://192.168.1.30:8123/frontend_latest/core-363542209d478158788109f8cf3068e8.js:1:6882 Uncaught TypeError: Cannot read property 'attributes' of undefined
2018-03-17 09:47:51 ERROR (MainThread) [frontend.js.latest.201802270] http://192.168.1.30:8123/frontend_latest/core-363542209d478158788109f8cf3068e8.js:1:6882 Uncaught TypeError: Cannot read property 'attributes' of undefined
2018-03-17 09:47:51 ERROR (MainThread) [frontend.js.latest.201802270] http://192.168.1.30:8123/frontend_latest/core-363542209d478158788109f8cf3068e8.js:1:6882 Uncaught TypeError: Cannot read property 'attributes' of undefined
2018-03-17 09:47:51 ERROR (MainThread) [frontend.js.latest.201802270] http://192.168.1.30:8123/frontend_latest/core-363542209d478158788109f8cf3068e8.js:1:6882 Uncaught TypeError: Cannot read property 'attributes' of undefined
2018-03-17 09:47:51 ERROR (MainThread) [frontend.js.latest.201802270] http://192.168.1.30:8123/frontend_latest/core-363542209d478158788109f8cf3068e8.js:1:6882 Uncaught TypeError: Cannot read property 'attributes' of undefined
2018-03-17 09:47:51 ERROR (MainThread) [frontend.js.latest.201802270] http://192.168.1.30:8123/frontend_latest/core-363542209d478158788109f8cf3068e8.js:1:6882 Uncaught TypeError: Cannot read property 'attributes' of undefined
2018-03-17 09:47:51 ERROR (MainThread) [frontend.js.latest.201802270] http://192.168.1.30:8123/frontend_latest/core-363542209d478158788109f8cf3068e8.js:1:6882 Uncaught TypeError: Cannot read property 'attributes' of undefined
2018-03-17 09:47:51 ERROR (MainThread) [frontend.js.latest.201802270] http://192.168.1.30:8123/frontend_latest/core-363542209d478158788109f8cf3068e8.js:1:6882 Uncaught TypeError: Cannot read property 'attributes' of undefined
2018-03-17 09:47:51 ERROR (MainThread) [frontend.js.latest.201802270] http://192.168.1.30:8123/frontend_latest/core-363542209d478158788109f8cf3068e8.js:1:6882 Uncaught TypeError: Cannot read property 'attributes' of undefined
2018-03-17 09:48:38 ERROR (MainThread) [frontend.js.latest.201802270] http://192.168.1.30:8123/frontend_latest/core-363542209d478158788109f8cf3068e8.js:1:6882 Uncaught TypeError: Cannot read property 'attributes' of undefined
2018-03-17 09:48:38 ERROR (MainThread) [frontend.js.latest.201802270] http://192.168.1.30:8123/frontend_latest/core-363542209d478158788109f8cf3068e8.js:1:6882 Uncaught TypeError: Cannot read property 'attributes' of undefined
2018-03-17 09:48:38 ERROR (MainThread) [frontend.js.latest.201802270] http://192.168.1.30:8123/frontend_latest/core-363542209d478158788109f8cf3068e8.js:1:6882 Uncaught TypeError: Cannot read property 'attributes' of undefined
2018-03-17 09:48:38 ERROR (MainThread) [frontend.js.latest.201802270] http://192.168.1.30:8123/frontend_latest/core-363542209d478158788109f8cf3068e8.js:1:6882 Uncaught TypeError: Cannot read property 'attributes' of undefined
2018-03-17 09:48:38 ERROR (MainThread) [frontend.js.latest.201802270] http://192.168.1.30:8123/frontend_latest/core-363542209d478158788109f8cf3068e8.js:1:6882 Uncaught TypeError: Cannot read property 'attributes' of undefined
2018-03-17 09:48:38 ERROR (MainThread) [frontend.js.latest.201802270] http://192.168.1.30:8123/frontend_latest/core-363542209d478158788109f8cf3068e8.js:1:6882 Uncaught TypeError: Cannot read property 'attributes' of undefined
2018-03-17 09:48:38 ERROR (MainThread) [frontend.js.latest.201802270] http://192.168.1.30:8123/frontend_latest/core-363542209d478158788109f8cf3068e8.js:1:6882 Uncaught TypeError: Cannot read property 'attributes' of undefined
2018-03-17 09:48:38 ERROR (MainThread) [frontend.js.latest.201802270] http://192.168.1.30:8123/frontend_latest/core-363542209d478158788109f8cf3068e8.js:1:6882 Uncaught TypeError: Cannot read property 'attributes' of undefined
2018-03-17 09:48:38 ERROR (MainThread) [frontend.js.latest.201802270] http://192.168.1.30:8123/frontend_latest/core-363542209d478158788109f8cf3068e8.js:1:6882 Uncaught TypeError: Cannot read property 'attributes' of undefined
2018-03-17 09:48:38 ERROR (MainThread) [frontend.js.latest.201802270] http://192.168.1.30:8123/frontend_latest/core-363542209d478158788109f8cf3068e8.js:1:6882 Uncaught TypeError: Cannot read property 'attributes' of undefined
2018-03-17 09:49:48 ERROR (Thread-14) [homeassistant.util.yaml] while parsing a block mapping
  in "/home/homeassistant/.homeassistant/groups.yaml", line 1, column 1
expected <block end>, but found '<block mapping start>'
  in "/home/homeassistant/.homeassistant/groups.yaml", line 31, column 3
2018-03-17 09:49:48 ERROR (MainThread) [homeassistant.components.group] while parsing a block mapping
  in "/home/homeassistant/.homeassistant/groups.yaml", line 1, column 1
expected <block end>, but found '<block mapping start>'
  in "/home/homeassistant/.homeassistant/groups.yaml", line 31, column 3
2018-03-17 09:50:33 ERROR (Thread-2) [homeassistant.util.yaml] while parsing a block mapping
  in "/home/homeassistant/.homeassistant/groups.yaml", line 1, column 1
expected <block end>, but found '<block mapping start>'
  in "/home/homeassistant/.homeassistant/groups.yaml", line 33, column 3
2018-03-17 09:50:33 ERROR (MainThread) [homeassistant.components.group] while parsing a block mapping
  in "/home/homeassistant/.homeassistant/groups.yaml", line 1, column 1
expected <block end>, but found '<block mapping start>'
  in "/home/homeassistant/.homeassistant/groups.yaml", line 33, column 3
2018-03-17 09:50:51 ERROR (Thread-9) [homeassistant.util.yaml] while parsing a block mapping
  in "/home/homeassistant/.homeassistant/groups.yaml", line 1, column 1
expected <block end>, but found '<block mapping start>'
  in "/home/homeassistant/.homeassistant/groups.yaml", line 33, column 3
2018-03-17 09:50:51 ERROR (MainThread) [homeassistant.components.group] while parsing a block mapping
  in "/home/homeassistant/.homeassistant/groups.yaml", line 1, column 1
expected <block end>, but found '<block mapping start>'
  in "/home/homeassistant/.homeassistant/groups.yaml", line 33, column 3
2018-03-17 09:54:41 ERROR (MainThread) [frontend.js.latest.201802270] http://192.168.1.30:8123/frontend_latest/core-363542209d478158788109f8cf3068e8.js:1:6882 Uncaught TypeError: Cannot read property 'attributes' of undefined
2018-03-17 09:54:41 ERROR (MainThread) [frontend.js.latest.201802270] http://192.168.1.30:8123/frontend_latest/core-363542209d478158788109f8cf3068e8.js:1:6882 Uncaught TypeError: Cannot read property 'attributes' of undefined
2018-03-17 09:54:41 ERROR (MainThread) [frontend.js.latest.201802270] http://192.168.1.30:8123/frontend_latest/core-363542209d478158788109f8cf3068e8.js:1:6882 Uncaught TypeError: Cannot read property 'attributes' of undefined
2018-03-17 09:54:41 ERROR (MainThread) [frontend.js.latest.201802270] http://192.168.1.30:8123/frontend_latest/core-363542209d478158788109f8cf3068e8.js:1:6882 Uncaught TypeError: Cannot read property 'attributes' of undefined
2018-03-17 09:55:16 ERROR (MainThread) [frontend.js.latest.201802270] http://192.168.1.30:8123/frontend_latest/core-363542209d478158788109f8cf3068e8.js:1:6882 Uncaught TypeError: Cannot read property 'attributes' of undefined
2018-03-17 09:55:16 ERROR (MainThread) [frontend.js.latest.201802270] http://192.168.1.30:8123/frontend_latest/core-363542209d478158788109f8cf3068e8.js:1:6882 Uncaught TypeError: Cannot read property 'attributes' of undefined
2018-03-17 09:55:16 ERROR (MainThread) [frontend.js.latest.201802270] http://192.168.1.30:8123/frontend_latest/core-363542209d478158788109f8cf3068e8.js:1:6882 Uncaught TypeError: Cannot read property 'attributes' of undefined
2018-03-17 09:55:16 ERROR (MainThread) [frontend.js.latest.201802270] http://192.168.1.30:8123/frontend_latest/core-363542209d478158788109f8cf3068e8.js:1:6882 Uncaught TypeError: Cannot read property 'attributes' of undefined
2018-03-17 09:55:16 ERROR (MainThread) [frontend.js.latest.201802270] http://192.168.1.30:8123/frontend_latest/core-363542209d478158788109f8cf3068e8.js:1:6882 Uncaught TypeError: Cannot read property 'attributes' of undefined
2018-03-17 09:55:16 ERROR (MainThread) [frontend.js.latest.201802270] http://192.168.1.30:8123/frontend_latest/core-363542209d478158788109f8cf3068e8.js:1:6882 Uncaught TypeError: Cannot read property 'attributes' of undefined
2018-03-17 09:56:03 ERROR (MainThread) [frontend.js.latest.201802270] http://192.168.1.30:8123/frontend_latest/core-363542209d478158788109f8cf3068e8.js:1:6882 Uncaught TypeError: Cannot read property 'attributes' of undefined
2018-03-17 09:56:03 ERROR (MainThread) [frontend.js.latest.201802270] http://192.168.1.30:8123/frontend_latest/core-363542209d478158788109f8cf3068e8.js:1:6882 Uncaught TypeError: Cannot read property 'attributes' of undefined
2018-03-17 09:56:03 ERROR (MainThread) [frontend.js.latest.201802270] http://192.168.1.30:8123/frontend_latest/core-363542209d478158788109f8cf3068e8.js:1:6882 Uncaught TypeError: Cannot read property 'attributes' of undefined
2018-03-17 09:56:03 ERROR (MainThread) [frontend.js.latest.201802270] http://192.168.1.30:8123/frontend_latest/core-363542209d478158788109f8cf3068e8.js:1:6882 Uncaught TypeError: Cannot read property 'attributes' of undefined
2018-03-17 09:56:03 ERROR (MainThread) [frontend.js.latest.201802270] http://192.168.1.30:8123/frontend_latest/core-363542209d478158788109f8cf3068e8.js:1:6882 Uncaught TypeError: Cannot read property 'attributes' of undefined
2018-03-17 09:56:03 ERROR (MainThread) [frontend.js.latest.201802270] http://192.168.1.30:8123/frontend_latest/core-363542209d478158788109f8cf3068e8.js:1:6882 Uncaught TypeError: Cannot read property 'attributes' of undefined
2018-03-17 09:56:03 ERROR (MainThread) [frontend.js.latest.201802270] http://192.168.1.30:8123/frontend_latest/core-363542209d478158788109f8cf3068e8.js:1:6882 Uncaught TypeError: Cannot read property 'attributes' of undefined
2018-03-17 09:56:03 ERROR (MainThread) [frontend.js.latest.201802270] http://192.168.1.30:8123/frontend_latest/core-363542209d478158788109f8cf3068e8.js:1:6882 Uncaught TypeError: Cannot read property 'attributes' of undefined
2018-03-17 09:56:03 ERROR (MainThread) [frontend.js.latest.201802270] http://192.168.1.30:8123/frontend_latest/core-363542209d478158788109f8cf3068e8.js:1:6882 Uncaught TypeError: Cannot read property 'attributes' of undefined
2018-03-17 09:56:29 ERROR (MainThread) [frontend.js.latest.201802270] http://192.168.1.30:8123/frontend_latest/core-363542209d478158788109f8cf3068e8.js:1:6882 Uncaught TypeError: Cannot read property 'attributes' of undefined
2018-03-17 09:56:29 ERROR (MainThread) [frontend.js.latest.201802270] http://192.168.1.30:8123/frontend_latest/core-363542209d478158788109f8cf3068e8.js:1:6882 Uncaught TypeError: Cannot read property 'attributes' of undefined
2018-03-17 09:56:29 ERROR (MainThread) [frontend.js.latest.201802270] http://192.168.1.30:8123/frontend_latest/core-363542209d478158788109f8cf3068e8.js:1:6882 Uncaught TypeError: Cannot read property 'attributes' of undefined
2018-03-17 09:56:29 ERROR (MainThread) [frontend.js.latest.201802270] http://192.168.1.30:8123/frontend_latest/core-363542209d478158788109f8cf3068e8.js:1:6882 Uncaught TypeError: Cannot read property 'attributes' of undefined
2018-03-17 09:56:29 ERROR (MainThread) [frontend.js.latest.201802270] http://192.168.1.30:8123/frontend_latest/core-363542209d478158788109f8cf3068e8.js:1:6882 Uncaught TypeError: Cannot read property 'attributes' of undefined
2018-03-17 09:56:29 ERROR (MainThread) [frontend.js.latest.201802270] http://192.168.1.30:8123/frontend_latest/core-363542209d478158788109f8cf3068e8.js:1:6882 Uncaught TypeError: Cannot read property 'attributes' of undefined
2018-03-17 09:56:29 ERROR (MainThread) [frontend.js.latest.201802270] http://192.168.1.30:8123/frontend_latest/core-363542209d478158788109f8cf3068e8.js:1:6882 Uncaught TypeError: Cannot read property 'attributes' of undefined
2018-03-17 09:56:29 ERROR (MainThread) [frontend.js.latest.201802270] http://192.168.1.30:8123/frontend_latest/core-363542209d478158788109f8cf3068e8.js:1:6882 Uncaught TypeError: Cannot read property 'attributes' of undefined
2018-03-17 09:57:02 ERROR (MainThread) [frontend.js.latest.201802270] http://192.168.1.30:8123/frontend_latest/core-363542209d478158788109f8cf3068e8.js:1:6882 Uncaught TypeError: Cannot read property 'attributes' of undefined
2018-03-17 09:57:02 ERROR (MainThread) [frontend.js.latest.201802270] http://192.168.1.30:8123/frontend_latest/core-363542209d478158788109f8cf3068e8.js:1:6882 Uncaught TypeError: Cannot read property 'attributes' of undefined
2018-03-17 09:57:02 ERROR (MainThread) [frontend.js.latest.201802270] http://192.168.1.30:8123/frontend_latest/core-363542209d478158788109f8cf3068e8.js:1:6882 Uncaught TypeError: Cannot read property 'attributes' of undefined
2018-03-17 09:57:02 ERROR (MainThread) [frontend.js.latest.201802270] http://192.168.1.30:8123/frontend_latest/core-363542209d478158788109f8cf3068e8.js:1:6882 Uncaught TypeError: Cannot read property 'attributes' of undefined
2018-03-17 09:57:02 ERROR (MainThread) [frontend.js.latest.201802270] http://192.168.1.30:8123/frontend_latest/core-363542209d478158788109f8cf3068e8.js:1:6882 Uncaught TypeError: Cannot read property 'attributes' of undefined
2018-03-17 09:57:02 ERROR (MainThread) [frontend.js.latest.201802270] http://192.168.1.30:8123/frontend_latest/core-363542209d478158788109f8cf3068e8.js:1:6882 Uncaught TypeError: Cannot read property 'attributes' of undefined
2018-03-17 09:57:02 ERROR (MainThread) [frontend.js.latest.201802270] http://192.168.1.30:8123/frontend_latest/core-363542209d478158788109f8cf3068e8.js:1:6882 Uncaught TypeError: Cannot read property 'attributes' of undefined
2018-03-17 09:57:02 ERROR (MainThread) [frontend.js.latest.201802270] http://192.168.1.30:8123/frontend_latest/core-363542209d478158788109f8cf3068e8.js:1:6882 Uncaught TypeError: Cannot read property 'attributes' of undefined
2018-03-17 09:57:02 ERROR (MainThread) [frontend.js.latest.201802270] http://192.168.1.30:8123/frontend_latest/core-363542209d478158788109f8cf3068e8.js:1:6882 Uncaught TypeError: Cannot read property 'attributes' of undefined
2018-03-17 09:57:02 ERROR (MainThread) [frontend.js.latest.201802270] http://192.168.1.30:8123/frontend_latest/core-363542209d478158788109f8cf3068e8.js:1:6882 Uncaught TypeError: Cannot read property 'attributes' of undefined
2018-03-17 09:57:02 ERROR (MainThread) [frontend.js.latest.201802270] http://192.168.1.30:8123/frontend_latest/core-363542209d478158788109f8cf3068e8.js:1:6882 Uncaught TypeError: Cannot read property 'attributes' of undefined
2018-03-17 09:57:47 ERROR (MainThread) [frontend.js.latest.201802270] http://192.168.1.30:8123/frontend_latest/core-363542209d478158788109f8cf3068e8.js:1:6882 Uncaught TypeError: Cannot read property 'attributes' of undefined
2018-03-17 09:57:47 ERROR (MainThread) [frontend.js.latest.201802270] http://192.168.1.30:8123/frontend_latest/core-363542209d478158788109f8cf3068e8.js:1:6882 Uncaught TypeError: Cannot read property 'attributes' of undefined
2018-03-17 09:57:47 ERROR (MainThread) [frontend.js.latest.201802270] http://192.168.1.30:8123/frontend_latest/core-363542209d478158788109f8cf3068e8.js:1:6882 Uncaught TypeError: Cannot read property 'attributes' of undefined
2018-03-17 09:57:47 ERROR (MainThread) [frontend.js.latest.201802270] http://192.168.1.30:8123/frontend_latest/core-363542209d478158788109f8cf3068e8.js:1:6882 Uncaught TypeError: Cannot read property 'attributes' of undefined
2018-03-17 22:19:12 ERROR (MainThread) [frontend.js.latest.201802270] http://192.168.1.30:8123/frontend_latest/core-363542209d478158788109f8cf3068e8.js:1:6882 Uncaught TypeError: Cannot read property 'attributes' of undefined
2018-03-17 22:19:12 ERROR (MainThread) [frontend.js.latest.201802270] http://192.168.1.30:8123/frontend_latest/core-363542209d478158788109f8cf3068e8.js:1:6882 Uncaught TypeError: Cannot read property 'attributes' of undefined
2018-03-17 22:19:12 ERROR (MainThread) [frontend.js.latest.201802270] http://192.168.1.30:8123/frontend_latest/core-363542209d478158788109f8cf3068e8.js:1:6882 Uncaught TypeError: Cannot read property 'attributes' of undefined
2018-03-17 22:19:12 ERROR (MainThread) [frontend.js.latest.201802270] http://192.168.1.30:8123/frontend_latest/core-363542209d478158788109f8cf3068e8.js:1:6882 Uncaught TypeError: Cannot read property 'attributes' of undefined
2018-03-17 22:19:12 ERROR (MainThread) [frontend.js.latest.201802270] http://192.168.1.30:8123/frontend_latest/core-363542209d478158788109f8cf3068e8.js:1:6882 Uncaught TypeError: Cannot read property 'attributes' of undefined
2018-03-17 22:19:12 ERROR (MainThread) [frontend.js.latest.201802270] http://192.168.1.30:8123/frontend_latest/core-363542209d478158788109f8cf3068e8.js:1:6882 Uncaught TypeError: Cannot read property 'attributes' of undefined
2018-03-17 22:19:12 ERROR (MainThread) [frontend.js.latest.201802270] http://192.168.1.30:8123/frontend_latest/core-363542209d478158788109f8cf3068e8.js:1:6882 Uncaught TypeError: Cannot read property 'attributes' of undefined
2018-03-17 22:28:21 WARNING (MainThread) [homeassistant.components.group] remove:Group 'all_automations' doesn't exist!
2018-03-17 22:28:23 WARNING (MainThread) [homeassistant.components.script] Script script.masteraircon_timer already running.
2018-03-17 22:28:23 WARNING (MainThread) [homeassistant.components.script] Script script.graceaircon_timer already running.
2018-03-17 22:28:26 WARNING (MainThread) [homeassistant.components.script] Script script.graceaircon_timer already running.
2018-03-17 22:28:27 WARNING (MainThread) [homeassistant.components.script] Script script.masteraircon_timer already running.
2018-03-17 22:28:28 WARNING (MainThread) [homeassistant.components.script] Script script.graceaircon_timer already running.
2018-03-17 22:28:29 WARNING (MainThread) [homeassistant.components.group] remove:Group 'all_scripts' doesn't exist!
2018-03-17 22:28:29 ERROR (MainThread) [homeassistant.core] Error doing job: Task exception was never retrieved
Traceback (most recent call last):
  File "/usr/lib/python3.5/asyncio/tasks.py", line 239, in _step
    result = coro.send(None)
  File "/srv/homeassistant/lib/python3.5/site-packages/homeassistant/helpers/entity_platform.py", line 260, in _async_add_entity
    msg)
homeassistant.exceptions.HomeAssistantError: Entity id already exists: script.masteraircon_timer
2018-03-17 22:28:29 ERROR (MainThread) [homeassistant.core] Error doing job: Task exception was never retrieved
Traceback (most recent call last):
  File "/usr/lib/python3.5/asyncio/tasks.py", line 239, in _step
    result = coro.send(None)
  File "/srv/homeassistant/lib/python3.5/site-packages/homeassistant/helpers/entity_platform.py", line 260, in _async_add_entity
    msg)
homeassistant.exceptions.HomeAssistantError: Entity id already exists: script.graceaircon_timer
